<?xml version="1.0" encoding="UTF-8"?>
<!-- Generated by org.testng.reporters.JUnitReportReporter -->
<testsuite hostname="IN-6Y2L2J3" failures="0" tests="1" name="com.SeleniumExitTest.testcases.GrocerryPageTest" time="3.082" errors="0" timestamp="01 May 2022 12:49:30 GMT" skipped="0">
  <testcase classname="com.SeleniumExitTest.testcases.GrocerryPageTest" name="SearchGrocerry" time="3.082"/>
</testsuite> <!-- com.SeleniumExitTest.testcases.GrocerryPageTest -->
