<?xml version="1.0" encoding="UTF-8"?>
<!-- Generated by org.testng.reporters.JUnitReportReporter -->
<testsuite hostname="IN-6Y2L2J3" failures="0" tests="1" name="com.SeleniumExitTest.testcases.AddToCartTest" time="4.773" errors="0" timestamp="01 May 2022 12:49:30 GMT" skipped="0">
  <testcase classname="com.SeleniumExitTest.testcases.AddToCartTest" name="searchProduct" time="4.773"/>
</testsuite> <!-- com.SeleniumExitTest.testcases.AddToCartTest -->
