<?xml version="1.0" encoding="UTF-8"?>
<!-- Generated by org.testng.reporters.JUnitReportReporter -->
<testsuite hostname="IN-6Y2L2J3" failures="0" tests="1" name="com.SeleniumExitTest.testcases.FlipkartWholeasleTest" time="12.287" errors="0" timestamp="27 Apr 2022 15:00:40 GMT" skipped="0">
  <testcase classname="com.SeleniumExitTest.testcases.FlipkartWholeasleTest" name="FlipkartWholesalepg" time="12.287"/>
</testsuite> <!-- com.SeleniumExitTest.testcases.FlipkartWholeasleTest -->
