<?xml version="1.0" encoding="UTF-8"?>
<!-- Generated by org.testng.reporters.JUnitReportReporter -->
<testsuite hostname="IN-6Y2L2J3" failures="0" tests="3" name="com.SeleniumExitTest.testcases.LogInTest" time="4.261" errors="0" timestamp="01 May 2022 12:49:30 GMT" skipped="0">
  <testcase classname="com.SeleniumExitTest.testcases.LogInTest" name="ValidLogIN" time="1.401"/>
  <testcase classname="com.SeleniumExitTest.testcases.LogInTest" name="InValidLogIN" time="1.576"/>
  <testcase classname="com.SeleniumExitTest.testcases.LogInTest" name="InValidLogINWithBlank" time="1.284"/>
</testsuite> <!-- com.SeleniumExitTest.testcases.LogInTest -->
