<?xml version="1.0" encoding="UTF-8"?>
<!-- Generated by org.testng.reporters.JUnitReportReporter -->
<testsuite hostname="IN-6Y2L2J3" failures="0" tests="1" name="com.SeleniumExitTest.testcases.RegisterTest$LogInTest" time="6.230" errors="0" timestamp="12 Apr 2022 18:36:10 GMT" skipped="0">
  <testcase classname="com.SeleniumExitTest.testcases.RegisterTest$LogInTest" name="LogIN" time="6.230"/>
</testsuite> <!-- com.SeleniumExitTest.testcases.RegisterTest$LogInTest -->
